Determining if the pthread_create exist failed with the following output:
Change Dir: /home/chouer/workspace/Mster.D/MotionControlWithRL/build/CMakeFiles/CMakeTmp

Run Build Command:"/usr/bin/make" "cmTC_4ea62/fast"
/usr/bin/make -f CMakeFiles/cmTC_4ea62.dir/build.make CMakeFiles/cmTC_4ea62.dir/build
make[1]: Entering directory '/home/chouer/workspace/Mster.D/MotionControlWithRL/build/CMakeFiles/CMakeTmp'
Building C object CMakeFiles/cmTC_4ea62.dir/CheckSymbolExists.c.o
/usr/bin/cc    -o CMakeFiles/cmTC_4ea62.dir/CheckSymbolExists.c.o   -c /home/chouer/workspace/Mster.D/MotionControlWithRL/build/CMakeFiles/CMakeTmp/CheckSymbolExists.c
Linking C executable cmTC_4ea62
/usr/bin/cmake -E cmake_link_script CMakeFiles/cmTC_4ea62.dir/link.txt --verbose=1
/usr/bin/cc      -rdynamic CMakeFiles/cmTC_4ea62.dir/CheckSymbolExists.c.o  -o cmTC_4ea62 
CMakeFiles/cmTC_4ea62.dir/CheckSymbolExists.c.o: In function `main':
CheckSymbolExists.c:(.text+0x1b): undefined reference to `pthread_create'
collect2: error: ld returned 1 exit status
CMakeFiles/cmTC_4ea62.dir/build.make:97: recipe for target 'cmTC_4ea62' failed
make[1]: *** [cmTC_4ea62] Error 1
make[1]: Leaving directory '/home/chouer/workspace/Mster.D/MotionControlWithRL/build/CMakeFiles/CMakeTmp'
Makefile:126: recipe for target 'cmTC_4ea62/fast' failed
make: *** [cmTC_4ea62/fast] Error 2

File /home/chouer/workspace/Mster.D/MotionControlWithRL/build/CMakeFiles/CMakeTmp/CheckSymbolExists.c:
/* */
#include <pthread.h>

int main(int argc, char** argv)
{
  (void)argv;
#ifndef pthread_create
  return ((int*)(&pthread_create))[argc];
#else
  (void)argc;
  return 0;
#endif
}

Determining if the function pthread_create exists in the pthreads failed with the following output:
Change Dir: /home/chouer/workspace/Mster.D/MotionControlWithRL/build/CMakeFiles/CMakeTmp

Run Build Command:"/usr/bin/make" "cmTC_2db23/fast"
/usr/bin/make -f CMakeFiles/cmTC_2db23.dir/build.make CMakeFiles/cmTC_2db23.dir/build
make[1]: Entering directory '/home/chouer/workspace/Mster.D/MotionControlWithRL/build/CMakeFiles/CMakeTmp'
Building C object CMakeFiles/cmTC_2db23.dir/CheckFunctionExists.c.o
/usr/bin/cc   -DCHECK_FUNCTION_EXISTS=pthread_create   -o CMakeFiles/cmTC_2db23.dir/CheckFunctionExists.c.o   -c /usr/share/cmake-3.10/Modules/CheckFunctionExists.c
Linking C executable cmTC_2db23
/usr/bin/cmake -E cmake_link_script CMakeFiles/cmTC_2db23.dir/link.txt --verbose=1
/usr/bin/cc  -DCHECK_FUNCTION_EXISTS=pthread_create    -rdynamic CMakeFiles/cmTC_2db23.dir/CheckFunctionExists.c.o  -o cmTC_2db23 -lpthreads 
/usr/bin/ld: cannot find -lpthreads
collect2: error: ld returned 1 exit status
CMakeFiles/cmTC_2db23.dir/build.make:97: recipe for target 'cmTC_2db23' failed
make[1]: *** [cmTC_2db23] Error 1
make[1]: Leaving directory '/home/chouer/workspace/Mster.D/MotionControlWithRL/build/CMakeFiles/CMakeTmp'
Makefile:126: recipe for target 'cmTC_2db23/fast' failed
make: *** [cmTC_2db23/fast] Error 2


